Traceback (most recent call last):
  File "/home/home/.local/lib/python3.10/site-packages/jupyter_cache/executors/utils.py", line 58, in single_nb_execution
    executenb(
  File "/home/home/.local/lib/python3.10/site-packages/nbclient/client.py", line 1314, in execute
    return NotebookClient(nb=nb, resources=resources, km=km, **kwargs).execute()
  File "/home/home/.local/lib/python3.10/site-packages/jupyter_core/utils/__init__.py", line 165, in wrapped
    return loop.run_until_complete(inner)
  File "/usr/lib/python3.10/asyncio/base_events.py", line 649, in run_until_complete
    return future.result()
  File "/home/home/.local/lib/python3.10/site-packages/nbclient/client.py", line 709, in async_execute
    await self.async_execute_cell(
  File "/home/home/.local/lib/python3.10/site-packages/nbclient/client.py", line 1062, in async_execute_cell
    await self._check_raise_for_error(cell, cell_index, exec_reply)
  File "/home/home/.local/lib/python3.10/site-packages/nbclient/client.py", line 918, in _check_raise_for_error
    raise CellExecutionError.from_cell_and_msg(cell, exec_reply_content)
nbclient.exceptions.CellExecutionError: An error occurred while executing the following cell:
------------------
Матрицы
Мы рассматриваем матрицу размером $m × n$:

$[ A = \begin{pmatrix} a_{11} & a_{12} & \cdots & a_{1n} \\ a_{21} & a_{22} & \cdots & a_{2n} \\ \vdots & \vdots & \ddots & \vdots \\ a_{m1} & a_{m2} & \cdots & a_{mn} \end{pmatrix} ]$

Которая представляет собой двумерное распределение элементов из множества K. Выбирая столбцы 
а(1), а(2)... a(n), мы записываем ее как:

$[ A = \begin{pmatrix} a_1 & a_2 & \cdots & a_n \end{pmatrix} ]$

Элемент $a(i,j)$ в пересечении $i$-ой строки и $j$-го столбца называется $(i, j)$-элементом матрицы $A$. В частности, матрица формы $(n, n)$ с одинаковым количеством строк и столбцов называется квадратной матрицей порядка n, а ее $(i, i)$-элементы $a(i, i)$ $(i = 1, 2...n)$ называются диагональными элементами. Квадратная матрица называется диагональной, если все ее элементы, кроме диагональных, равны нулю. Две матрицы $A$ и $B$ равны только в том случае, если они имеют одинаковую форму и соответствующие элементы равны. 
------------------


[0;36m  Cell [0;32mIn[2], line 2[0;36m[0m
[0;31m    Мы рассматриваем матрицу размером $m × n$:[0m
[0m                                         ^[0m
[0;31mSyntaxError[0m[0;31m:[0m invalid character '×' (U+00D7)


